12:08:37.023 [main] TRACE - Loading type system org.apache.poi.schemas.ooxml.system.ooxml
12:08:37.038 [main] TRACE - Loading type system org.apache.xmlbeans.metadata.system.sXMLCONFIG
12:08:37.039 [main] TRACE - Loading type system org.apache.xmlbeans.metadata.system.sXMLLANG
12:08:37.040 [main] TRACE - Loading type system org.apache.xmlbeans.metadata.system.sXMLSCHEMA
12:08:37.040 [main] TRACE - Loading type system org.apache.xmlbeans.metadata.system.sXMLTOOLS
12:08:37.042 [main] TRACE - Reading unresolved handles for type system org.apache.xmlbeans.metadata.system.sXMLTOOLS
12:08:37.057 [main] TRACE - Finished loading type system org.apache.xmlbeans.metadata.system.sXMLTOOLS
12:08:37.058 [main] TRACE - Reading unresolved handles for type system org.apache.xmlbeans.metadata.system.sXMLSCHEMA
12:08:37.065 [main] TRACE - Finished loading type system org.apache.xmlbeans.metadata.system.sXMLSCHEMA
12:08:37.067 [main] TRACE - Reading unresolved handles for type system org.apache.xmlbeans.metadata.system.sXMLLANG
12:08:37.067 [main] TRACE - Finished loading type system org.apache.xmlbeans.metadata.system.sXMLLANG
12:08:37.068 [main] TRACE - Reading unresolved handles for type system org.apache.xmlbeans.metadata.system.sXMLCONFIG
12:08:37.069 [main] TRACE - Finished loading type system org.apache.xmlbeans.metadata.system.sXMLCONFIG
12:08:37.070 [main] TRACE - Reading unresolved handles for type system org.apache.poi.schemas.ooxml.system.ooxml
12:08:37.162 [main] TRACE - Finished loading type system org.apache.poi.schemas.ooxml.system.ooxml
12:08:37.166 [main] TRACE - Resolving type for handle themefd26doctype
12:08:37.254 [main] TRACE - Resolving type for handle stylesheet5d8bdoctype
12:08:37.261 [main] TRACE - Resolving type for handle ctstylesheet4257type
12:08:37.269 [main] TRACE - Resolving type for handle ctcolors6579type
12:08:37.274 [main] TRACE - Resolving type for handle ctfonts6623type
12:08:37.278 [main] TRACE - Resolving type for handle ctfont14d8type
12:08:37.286 [main] TRACE - Resolving type for handle ctfills2c6ftype
12:08:37.289 [main] TRACE - Resolving type for handle ctfill550ctype
12:08:37.295 [main] TRACE - Resolving type for handle ctborders0d66type
12:08:37.298 [main] TRACE - Resolving type for handle ctborderf935type
12:08:37.302 [main] TRACE - Resolving type for handle ctcellxfs1322type
12:08:37.306 [main] TRACE - Resolving type for handle ctxf97f7type
12:08:37.309 [main] TRACE - Resolving type for handle ctcellstylexfsa81ftype
12:08:37.311 [main] TRACE - Resolving type for handle ctdxfsb26atype
12:08:37.318 [main] TRACE - Resolving type for handle cttablestyles872ftype
12:08:37.328 [main] TRACE - Resolving type for handle sstf81fdoctype
12:08:37.334 [main] TRACE - Resolving type for handle ctsst44f3type
12:08:37.348 [main] TRACE - Resolving type for handle ctrsta472type
12:08:37.400 [main] TRACE - Resolving type for handle workbookec17doctype
12:08:37.458 [main] TRACE - Resolving type for handle ctworkbook83c3type
12:08:37.466 [main] TRACE - Resolving type for handle ctsheets49fdtype
12:08:37.470 [main] TRACE - Resolving type for handle ctsheet4dbetype
12:08:37.472 [main] TRACE - Resolving type for handle strelationshipid1e94type
12:08:37.475 [main] TRACE - Resolving type for handle worksheetf539doctype
12:08:37.494 [main] TRACE - Resolving type for handle ctworksheet530dtype
12:08:37.516 [main] TRACE - Resolving type for handle ctcols627ctype
12:08:37.528 [main] TRACE - Resolving type for handle ctcola95ftype
12:08:37.557 [main] TRACE - Resolving type for handle ctsheetdata8408type
12:08:37.561 [main] TRACE - Resolving type for handle ctrowdd39type
12:08:37.578 [main] TRACE - Resolving type for handle ctcell842btype
12:08:37.587 [main] TRACE - Resolving type for handle stcellrefe4e0type
12:08:37.598 [main] TRACE - Resolving type for handle cthyperlinks6416type
12:08:37.602 [main] TRACE - Resolving type for handle cthyperlink0c85type
12:08:37.610 [main] TRACE - Resolving type for handle stxstringf179type
12:08:37.613 [main] TRACE - Resolving type for handle stcelltypebf95type
12:08:37.637 [main] TRACE - Resolving type for handle stcellstylexfid70c7type
12:08:37.640 [main] TRACE - Resolving type for handle stnumfmtid76fbtype
12:08:43.466 [main] DEBUG - Parsing relationship: /xl/_rels/workbook.xml.rels
12:08:43.467 [main] DEBUG - Parsing relationship: /xl/worksheets/_rels/sheet1.xml.rels
12:08:43.469 [main] DEBUG - Parsing relationship: /_rels/.rels
12:08:50.038 [main] DEBUG - Parsing relationship: /xl/_rels/workbook.xml.rels
12:08:50.040 [main] DEBUG - Parsing relationship: /xl/worksheets/_rels/sheet1.xml.rels
12:08:50.041 [main] DEBUG - Parsing relationship: /_rels/.rels
12:08:57.801 [main] DEBUG - Parsing relationship: /xl/_rels/workbook.xml.rels
12:08:57.801 [main] DEBUG - Parsing relationship: /xl/worksheets/_rels/sheet1.xml.rels
12:08:57.805 [main] DEBUG - Parsing relationship: /_rels/.rels
12:09:05.748 [main] DEBUG - Parsing relationship: /xl/_rels/workbook.xml.rels
12:09:05.749 [main] DEBUG - Parsing relationship: /xl/worksheets/_rels/sheet1.xml.rels
12:09:05.752 [main] DEBUG - Parsing relationship: /_rels/.rels
12:09:12.597 [main] DEBUG - Parsing relationship: /xl/_rels/workbook.xml.rels
12:09:12.598 [main] DEBUG - Parsing relationship: /xl/worksheets/_rels/sheet1.xml.rels
12:09:12.609 [main] DEBUG - Parsing relationship: /_rels/.rels
12:09:20.239 [main] DEBUG - Parsing relationship: /xl/_rels/workbook.xml.rels
12:09:20.240 [main] DEBUG - Parsing relationship: /xl/worksheets/_rels/sheet1.xml.rels
12:09:20.240 [main] DEBUG - Parsing relationship: /_rels/.rels
12:09:28.083 [main] DEBUG - Parsing relationship: /xl/_rels/workbook.xml.rels
12:09:28.086 [main] DEBUG - Parsing relationship: /xl/worksheets/_rels/sheet1.xml.rels
12:09:28.087 [main] DEBUG - Parsing relationship: /_rels/.rels
12:09:40.169 [main] DEBUG - Parsing relationship: /xl/_rels/workbook.xml.rels
12:09:40.197 [main] DEBUG - Parsing relationship: /xl/worksheets/_rels/sheet1.xml.rels
12:09:40.228 [main] DEBUG - Parsing relationship: /_rels/.rels
12:09:53.477 [main] DEBUG - Parsing relationship: /xl/_rels/workbook.xml.rels
12:09:53.478 [main] DEBUG - Parsing relationship: /xl/worksheets/_rels/sheet1.xml.rels
12:09:53.484 [main] DEBUG - Parsing relationship: /_rels/.rels
12:10:01.561 [main] DEBUG - Parsing relationship: /xl/_rels/workbook.xml.rels
12:10:01.563 [main] DEBUG - Parsing relationship: /xl/worksheets/_rels/sheet1.xml.rels
12:10:01.567 [main] DEBUG - Parsing relationship: /_rels/.rels
12:10:08.769 [main] DEBUG - Parsing relationship: /xl/_rels/workbook.xml.rels
12:10:08.771 [main] DEBUG - Parsing relationship: /xl/worksheets/_rels/sheet1.xml.rels
12:10:08.772 [main] DEBUG - Parsing relationship: /_rels/.rels
12:10:15.888 [main] DEBUG - Parsing relationship: /xl/_rels/workbook.xml.rels
12:10:15.893 [main] DEBUG - Parsing relationship: /xl/worksheets/_rels/sheet1.xml.rels
12:10:15.899 [main] DEBUG - Parsing relationship: /_rels/.rels
12:10:22.729 [main] DEBUG - Parsing relationship: /xl/_rels/workbook.xml.rels
12:10:22.731 [main] DEBUG - Parsing relationship: /xl/worksheets/_rels/sheet1.xml.rels
12:10:22.731 [main] DEBUG - Parsing relationship: /_rels/.rels
12:10:30.032 [main] DEBUG - Parsing relationship: /xl/_rels/workbook.xml.rels
12:10:30.032 [main] DEBUG - Parsing relationship: /xl/worksheets/_rels/sheet1.xml.rels
12:10:30.034 [main] DEBUG - Parsing relationship: /_rels/.rels
12:10:37.210 [main] DEBUG - Parsing relationship: /xl/_rels/workbook.xml.rels
12:10:37.211 [main] DEBUG - Parsing relationship: /xl/worksheets/_rels/sheet1.xml.rels
12:10:37.214 [main] DEBUG - Parsing relationship: /_rels/.rels
12:10:59.266 [main] DEBUG - Parsing relationship: /xl/_rels/workbook.xml.rels
12:10:59.267 [main] DEBUG - Parsing relationship: /_rels/.rels
12:10:59.388 [main] DEBUG - Parsing relationship: /xl/_rels/workbook.xml.rels
12:10:59.388 [main] DEBUG - Parsing relationship: /_rels/.rels
12:11:15.580 [main] DEBUG - Parsing relationship: /xl/_rels/workbook.xml.rels
12:11:15.581 [main] DEBUG - Parsing relationship: /_rels/.rels
12:11:15.689 [main] DEBUG - Parsing relationship: /xl/_rels/workbook.xml.rels
12:11:15.690 [main] DEBUG - Parsing relationship: /_rels/.rels
12:11:31.757 [main] DEBUG - Parsing relationship: /xl/_rels/workbook.xml.rels
12:11:31.758 [main] DEBUG - Parsing relationship: /_rels/.rels
12:11:31.921 [main] DEBUG - Parsing relationship: /xl/_rels/workbook.xml.rels
12:11:31.921 [main] DEBUG - Parsing relationship: /_rels/.rels
