11:34:55.573 [main] DEBUG - Parsing relationship: /_rels/.rels
11:35:03.338 [main] DEBUG - Parsing relationship: /xl/_rels/workbook.xml.rels
11:35:03.339 [main] DEBUG - Parsing relationship: /xl/worksheets/_rels/sheet1.xml.rels
11:35:03.341 [main] DEBUG - Parsing relationship: /_rels/.rels
11:35:11.099 [main] DEBUG - Parsing relationship: /xl/_rels/workbook.xml.rels
11:35:11.100 [main] DEBUG - Parsing relationship: /xl/worksheets/_rels/sheet1.xml.rels
11:35:11.100 [main] DEBUG - Parsing relationship: /_rels/.rels
11:35:18.399 [main] DEBUG - Parsing relationship: /xl/_rels/workbook.xml.rels
11:35:18.402 [main] DEBUG - Parsing relationship: /xl/worksheets/_rels/sheet1.xml.rels
11:35:18.402 [main] DEBUG - Parsing relationship: /_rels/.rels
11:35:38.277 [main] DEBUG - Parsing relationship: /xl/_rels/workbook.xml.rels
11:35:38.277 [main] DEBUG - Parsing relationship: /_rels/.rels
11:35:38.407 [main] DEBUG - Parsing relationship: /xl/_rels/workbook.xml.rels
11:35:38.407 [main] DEBUG - Parsing relationship: /_rels/.rels
11:35:54.976 [main] DEBUG - Parsing relationship: /xl/_rels/workbook.xml.rels
11:35:54.978 [main] DEBUG - Parsing relationship: /_rels/.rels
11:35:55.101 [main] DEBUG - Parsing relationship: /xl/_rels/workbook.xml.rels
11:35:55.103 [main] DEBUG - Parsing relationship: /_rels/.rels
11:36:11.681 [main] DEBUG - Parsing relationship: /xl/_rels/workbook.xml.rels
11:36:11.692 [main] DEBUG - Parsing relationship: /_rels/.rels
11:36:11.825 [main] DEBUG - Parsing relationship: /xl/_rels/workbook.xml.rels
11:36:11.826 [main] DEBUG - Parsing relationship: /_rels/.rels
11:44:39.231 [main] DEBUG - Parsing relationship: /xl/_rels/workbook.xml.rels
11:44:39.240 [main] DEBUG - Parsing relationship: /xl/worksheets/_rels/sheet1.xml.rels
11:44:39.242 [main] DEBUG - Parsing relationship: /_rels/.rels
11:44:39.556 [main] TRACE - Loading type system org.apache.poi.schemas.ooxml.system.ooxml
11:44:39.569 [main] TRACE - Loading type system org.apache.xmlbeans.metadata.system.sXMLCONFIG
11:44:39.571 [main] TRACE - Loading type system org.apache.xmlbeans.metadata.system.sXMLLANG
11:44:39.572 [main] TRACE - Loading type system org.apache.xmlbeans.metadata.system.sXMLSCHEMA
11:44:39.572 [main] TRACE - Loading type system org.apache.xmlbeans.metadata.system.sXMLTOOLS
11:44:39.575 [main] TRACE - Reading unresolved handles for type system org.apache.xmlbeans.metadata.system.sXMLTOOLS
11:44:39.590 [main] TRACE - Finished loading type system org.apache.xmlbeans.metadata.system.sXMLTOOLS
11:44:39.592 [main] TRACE - Reading unresolved handles for type system org.apache.xmlbeans.metadata.system.sXMLSCHEMA
11:44:39.610 [main] TRACE - Finished loading type system org.apache.xmlbeans.metadata.system.sXMLSCHEMA
11:44:39.611 [main] TRACE - Reading unresolved handles for type system org.apache.xmlbeans.metadata.system.sXMLLANG
11:44:39.616 [main] TRACE - Finished loading type system org.apache.xmlbeans.metadata.system.sXMLLANG
11:44:39.617 [main] TRACE - Reading unresolved handles for type system org.apache.xmlbeans.metadata.system.sXMLCONFIG
11:44:39.618 [main] TRACE - Finished loading type system org.apache.xmlbeans.metadata.system.sXMLCONFIG
11:44:39.620 [main] TRACE - Reading unresolved handles for type system org.apache.poi.schemas.ooxml.system.ooxml
11:44:39.775 [main] TRACE - Finished loading type system org.apache.poi.schemas.ooxml.system.ooxml
11:44:39.776 [main] TRACE - Resolving type for handle themefd26doctype
11:44:39.870 [main] TRACE - Resolving type for handle stylesheet5d8bdoctype
11:44:39.880 [main] TRACE - Resolving type for handle ctstylesheet4257type
11:44:39.887 [main] TRACE - Resolving type for handle ctcolors6579type
11:44:39.892 [main] TRACE - Resolving type for handle ctfonts6623type
11:44:39.905 [main] TRACE - Resolving type for handle ctfont14d8type
11:44:39.913 [main] TRACE - Resolving type for handle ctfills2c6ftype
11:44:39.917 [main] TRACE - Resolving type for handle ctfill550ctype
11:44:39.920 [main] TRACE - Resolving type for handle ctborders0d66type
11:44:39.925 [main] TRACE - Resolving type for handle ctborderf935type
11:44:39.929 [main] TRACE - Resolving type for handle ctcellxfs1322type
11:44:39.933 [main] TRACE - Resolving type for handle ctxf97f7type
11:44:39.937 [main] TRACE - Resolving type for handle ctcellstylexfsa81ftype
11:44:39.940 [main] TRACE - Resolving type for handle ctdxfsb26atype
11:44:39.947 [main] TRACE - Resolving type for handle cttablestyles872ftype
11:44:39.952 [main] TRACE - Resolving type for handle sstf81fdoctype
11:44:39.959 [main] TRACE - Resolving type for handle ctsst44f3type
11:44:39.972 [main] TRACE - Resolving type for handle ctrsta472type
11:44:40.020 [main] TRACE - Resolving type for handle workbookec17doctype
11:44:40.035 [main] TRACE - Resolving type for handle ctworkbook83c3type
11:44:40.042 [main] TRACE - Resolving type for handle ctsheets49fdtype
11:44:40.055 [main] TRACE - Resolving type for handle ctsheet4dbetype
11:44:40.058 [main] TRACE - Resolving type for handle strelationshipid1e94type
11:44:40.061 [main] TRACE - Resolving type for handle worksheetf539doctype
11:44:40.072 [main] TRACE - Resolving type for handle ctworksheet530dtype
11:44:40.084 [main] TRACE - Resolving type for handle ctcols627ctype
11:44:40.092 [main] TRACE - Resolving type for handle ctcola95ftype
11:44:40.128 [main] TRACE - Resolving type for handle ctsheetdata8408type
11:44:40.135 [main] TRACE - Resolving type for handle ctrowdd39type
11:44:40.140 [main] TRACE - Resolving type for handle ctcell842btype
11:44:40.166 [main] TRACE - Resolving type for handle stcellrefe4e0type
11:44:40.184 [main] TRACE - Resolving type for handle cthyperlinks6416type
11:44:40.189 [main] TRACE - Resolving type for handle cthyperlink0c85type
11:44:40.206 [main] TRACE - Resolving type for handle stxstringf179type
11:44:40.211 [main] TRACE - Resolving type for handle stcelltypebf95type
11:44:40.334 [main] TRACE - Resolving type for handle stcellstylexfid70c7type
11:44:40.339 [main] TRACE - Resolving type for handle stnumfmtid76fbtype
11:44:46.837 [main] DEBUG - Parsing relationship: /xl/_rels/workbook.xml.rels
11:44:46.839 [main] DEBUG - Parsing relationship: /xl/worksheets/_rels/sheet1.xml.rels
11:44:46.841 [main] DEBUG - Parsing relationship: /_rels/.rels
11:44:53.534 [main] DEBUG - Parsing relationship: /xl/_rels/workbook.xml.rels
11:44:53.536 [main] DEBUG - Parsing relationship: /xl/worksheets/_rels/sheet1.xml.rels
11:44:53.538 [main] DEBUG - Parsing relationship: /_rels/.rels
11:45:01.567 [main] DEBUG - Parsing relationship: /xl/_rels/workbook.xml.rels
11:45:01.569 [main] DEBUG - Parsing relationship: /xl/worksheets/_rels/sheet1.xml.rels
11:45:01.571 [main] DEBUG - Parsing relationship: /_rels/.rels
11:47:31.180 [main] DEBUG - Parsing relationship: /xl/_rels/workbook.xml.rels
11:47:31.189 [main] DEBUG - Parsing relationship: /xl/worksheets/_rels/sheet1.xml.rels
11:47:31.192 [main] DEBUG - Parsing relationship: /_rels/.rels
11:47:31.458 [main] TRACE - Loading type system org.apache.poi.schemas.ooxml.system.ooxml
11:47:31.461 [main] TRACE - Loading type system org.apache.xmlbeans.metadata.system.sXMLCONFIG
11:47:31.468 [main] TRACE - Loading type system org.apache.xmlbeans.metadata.system.sXMLLANG
11:47:31.468 [main] TRACE - Loading type system org.apache.xmlbeans.metadata.system.sXMLSCHEMA
11:47:31.468 [main] TRACE - Loading type system org.apache.xmlbeans.metadata.system.sXMLTOOLS
11:47:31.480 [main] TRACE - Reading unresolved handles for type system org.apache.xmlbeans.metadata.system.sXMLTOOLS
11:47:31.499 [main] TRACE - Finished loading type system org.apache.xmlbeans.metadata.system.sXMLTOOLS
11:47:31.500 [main] TRACE - Reading unresolved handles for type system org.apache.xmlbeans.metadata.system.sXMLSCHEMA
11:47:31.509 [main] TRACE - Finished loading type system org.apache.xmlbeans.metadata.system.sXMLSCHEMA
11:47:31.511 [main] TRACE - Reading unresolved handles for type system org.apache.xmlbeans.metadata.system.sXMLLANG
11:47:31.512 [main] TRACE - Finished loading type system org.apache.xmlbeans.metadata.system.sXMLLANG
11:47:31.513 [main] TRACE - Reading unresolved handles for type system org.apache.xmlbeans.metadata.system.sXMLCONFIG
11:47:31.527 [main] TRACE - Finished loading type system org.apache.xmlbeans.metadata.system.sXMLCONFIG
11:47:31.529 [main] TRACE - Reading unresolved handles for type system org.apache.poi.schemas.ooxml.system.ooxml
11:47:31.662 [main] TRACE - Finished loading type system org.apache.poi.schemas.ooxml.system.ooxml
11:47:31.664 [main] TRACE - Resolving type for handle themefd26doctype
11:47:31.742 [main] TRACE - Resolving type for handle stylesheet5d8bdoctype
11:47:31.749 [main] TRACE - Resolving type for handle ctstylesheet4257type
11:47:31.754 [main] TRACE - Resolving type for handle ctcolors6579type
11:47:31.756 [main] TRACE - Resolving type for handle ctfonts6623type
11:47:31.761 [main] TRACE - Resolving type for handle ctfont14d8type
11:47:31.770 [main] TRACE - Resolving type for handle ctfills2c6ftype
11:47:31.772 [main] TRACE - Resolving type for handle ctfill550ctype
11:47:31.776 [main] TRACE - Resolving type for handle ctborders0d66type
11:47:31.778 [main] TRACE - Resolving type for handle ctborderf935type
11:47:31.781 [main] TRACE - Resolving type for handle ctcellxfs1322type
11:47:31.786 [main] TRACE - Resolving type for handle ctxf97f7type
11:47:31.790 [main] TRACE - Resolving type for handle ctcellstylexfsa81ftype
11:47:31.793 [main] TRACE - Resolving type for handle ctdxfsb26atype
11:47:31.797 [main] TRACE - Resolving type for handle cttablestyles872ftype
11:47:31.800 [main] TRACE - Resolving type for handle sstf81fdoctype
11:47:31.808 [main] TRACE - Resolving type for handle ctsst44f3type
11:47:31.821 [main] TRACE - Resolving type for handle ctrsta472type
11:47:31.870 [main] TRACE - Resolving type for handle workbookec17doctype
11:47:31.938 [main] TRACE - Resolving type for handle ctworkbook83c3type
11:47:31.958 [main] TRACE - Resolving type for handle ctsheets49fdtype
11:47:31.962 [main] TRACE - Resolving type for handle ctsheet4dbetype
11:47:31.968 [main] TRACE - Resolving type for handle strelationshipid1e94type
11:47:31.970 [main] TRACE - Resolving type for handle worksheetf539doctype
11:47:31.980 [main] TRACE - Resolving type for handle ctworksheet530dtype
11:47:31.988 [main] TRACE - Resolving type for handle ctcols627ctype
11:47:31.998 [main] TRACE - Resolving type for handle ctcola95ftype
11:47:32.036 [main] TRACE - Resolving type for handle ctsheetdata8408type
11:47:32.040 [main] TRACE - Resolving type for handle ctrowdd39type
11:47:32.049 [main] TRACE - Resolving type for handle ctcell842btype
11:47:32.065 [main] TRACE - Resolving type for handle stcellrefe4e0type
11:47:32.081 [main] TRACE - Resolving type for handle cthyperlinks6416type
11:47:32.087 [main] TRACE - Resolving type for handle cthyperlink0c85type
11:47:32.099 [main] TRACE - Resolving type for handle stxstringf179type
11:47:32.110 [main] TRACE - Resolving type for handle stcelltypebf95type
11:47:32.133 [main] TRACE - Resolving type for handle stcellstylexfid70c7type
11:47:32.137 [main] TRACE - Resolving type for handle stnumfmtid76fbtype
11:47:37.590 [main] DEBUG - Parsing relationship: /xl/_rels/workbook.xml.rels
11:47:37.593 [main] DEBUG - Parsing relationship: /xl/worksheets/_rels/sheet1.xml.rels
11:47:37.596 [main] DEBUG - Parsing relationship: /_rels/.rels
11:47:43.454 [main] DEBUG - Parsing relationship: /xl/_rels/workbook.xml.rels
11:47:43.456 [main] DEBUG - Parsing relationship: /xl/worksheets/_rels/sheet1.xml.rels
11:47:43.461 [main] DEBUG - Parsing relationship: /_rels/.rels
11:47:50.022 [main] DEBUG - Parsing relationship: /xl/_rels/workbook.xml.rels
11:47:50.023 [main] DEBUG - Parsing relationship: /xl/worksheets/_rels/sheet1.xml.rels
11:47:50.027 [main] DEBUG - Parsing relationship: /_rels/.rels
11:49:39.252 [pool-3-thread-1] DEBUG - Parsing relationship: /xl/_rels/workbook.xml.rels
11:49:39.261 [pool-3-thread-1] DEBUG - Parsing relationship: /xl/worksheets/_rels/sheet1.xml.rels
11:49:39.272 [pool-3-thread-1] DEBUG - Parsing relationship: /_rels/.rels
11:49:39.560 [pool-3-thread-1] TRACE - Loading type system org.apache.poi.schemas.ooxml.system.ooxml
11:49:39.562 [pool-3-thread-1] TRACE - Loading type system org.apache.xmlbeans.metadata.system.sXMLCONFIG
11:49:39.565 [pool-3-thread-1] TRACE - Loading type system org.apache.xmlbeans.metadata.system.sXMLLANG
11:49:39.565 [pool-3-thread-1] TRACE - Loading type system org.apache.xmlbeans.metadata.system.sXMLSCHEMA
11:49:39.565 [pool-3-thread-1] TRACE - Loading type system org.apache.xmlbeans.metadata.system.sXMLTOOLS
11:49:39.567 [pool-3-thread-1] TRACE - Reading unresolved handles for type system org.apache.xmlbeans.metadata.system.sXMLTOOLS
11:49:39.579 [pool-3-thread-1] TRACE - Finished loading type system org.apache.xmlbeans.metadata.system.sXMLTOOLS
11:49:39.580 [pool-3-thread-1] TRACE - Reading unresolved handles for type system org.apache.xmlbeans.metadata.system.sXMLSCHEMA
11:49:39.598 [pool-3-thread-1] TRACE - Finished loading type system org.apache.xmlbeans.metadata.system.sXMLSCHEMA
11:49:39.599 [pool-3-thread-1] TRACE - Reading unresolved handles for type system org.apache.xmlbeans.metadata.system.sXMLLANG
11:49:39.602 [pool-3-thread-1] TRACE - Finished loading type system org.apache.xmlbeans.metadata.system.sXMLLANG
11:49:39.603 [pool-3-thread-1] TRACE - Reading unresolved handles for type system org.apache.xmlbeans.metadata.system.sXMLCONFIG
11:49:39.608 [pool-3-thread-1] TRACE - Finished loading type system org.apache.xmlbeans.metadata.system.sXMLCONFIG
11:49:39.609 [pool-3-thread-1] TRACE - Reading unresolved handles for type system org.apache.poi.schemas.ooxml.system.ooxml
11:49:39.707 [pool-3-thread-1] TRACE - Finished loading type system org.apache.poi.schemas.ooxml.system.ooxml
11:49:39.708 [pool-3-thread-1] TRACE - Resolving type for handle themefd26doctype
11:49:39.815 [pool-3-thread-1] TRACE - Resolving type for handle stylesheet5d8bdoctype
11:49:39.823 [pool-3-thread-1] TRACE - Resolving type for handle ctstylesheet4257type
11:49:39.827 [pool-3-thread-1] TRACE - Resolving type for handle ctcolors6579type
11:49:39.829 [pool-3-thread-1] TRACE - Resolving type for handle ctfonts6623type
11:49:39.831 [pool-3-thread-1] TRACE - Resolving type for handle ctfont14d8type
11:49:39.841 [pool-3-thread-1] TRACE - Resolving type for handle ctfills2c6ftype
11:49:39.848 [pool-3-thread-1] TRACE - Resolving type for handle ctfill550ctype
11:49:39.850 [pool-3-thread-1] TRACE - Resolving type for handle ctborders0d66type
11:49:39.857 [pool-3-thread-1] TRACE - Resolving type for handle ctborderf935type
11:49:39.861 [pool-3-thread-1] TRACE - Resolving type for handle ctcellxfs1322type
11:49:39.871 [pool-3-thread-1] TRACE - Resolving type for handle ctxf97f7type
11:49:39.888 [pool-3-thread-1] TRACE - Resolving type for handle ctcellstylexfsa81ftype
11:49:39.890 [pool-3-thread-1] TRACE - Resolving type for handle ctdxfsb26atype
11:49:39.894 [pool-3-thread-1] TRACE - Resolving type for handle cttablestyles872ftype
11:49:39.898 [pool-3-thread-1] TRACE - Resolving type for handle sstf81fdoctype
11:49:39.907 [pool-3-thread-1] TRACE - Resolving type for handle ctsst44f3type
11:49:39.917 [pool-3-thread-1] TRACE - Resolving type for handle ctrsta472type
11:49:39.945 [pool-3-thread-1] TRACE - Resolving type for handle workbookec17doctype
11:49:39.976 [pool-3-thread-1] TRACE - Resolving type for handle ctworkbook83c3type
11:49:39.986 [pool-3-thread-1] TRACE - Resolving type for handle ctsheets49fdtype
11:49:39.995 [pool-3-thread-1] TRACE - Resolving type for handle ctsheet4dbetype
11:49:40.002 [pool-3-thread-1] TRACE - Resolving type for handle strelationshipid1e94type
11:49:40.010 [pool-3-thread-1] TRACE - Resolving type for handle worksheetf539doctype
11:49:40.027 [pool-3-thread-1] TRACE - Resolving type for handle ctworksheet530dtype
11:49:40.040 [pool-3-thread-1] TRACE - Resolving type for handle ctcols627ctype
11:49:40.044 [pool-3-thread-1] TRACE - Resolving type for handle ctcola95ftype
11:49:40.067 [pool-3-thread-1] TRACE - Resolving type for handle ctsheetdata8408type
11:49:40.068 [pool-3-thread-1] TRACE - Resolving type for handle ctrowdd39type
11:49:40.073 [pool-3-thread-1] TRACE - Resolving type for handle ctcell842btype
11:49:40.082 [pool-3-thread-1] TRACE - Resolving type for handle stcellrefe4e0type
11:49:40.173 [pool-3-thread-1] TRACE - Resolving type for handle cthyperlinks6416type
11:49:40.176 [pool-3-thread-1] TRACE - Resolving type for handle cthyperlink0c85type
11:49:40.181 [pool-3-thread-1] TRACE - Resolving type for handle stxstringf179type
11:49:40.184 [pool-3-thread-1] TRACE - Resolving type for handle stcelltypebf95type
11:49:40.199 [pool-3-thread-1] TRACE - Resolving type for handle stcellstylexfid70c7type
11:49:40.202 [pool-3-thread-1] TRACE - Resolving type for handle stnumfmtid76fbtype
11:49:46.387 [pool-3-thread-1] DEBUG - Parsing relationship: /xl/_rels/workbook.xml.rels
11:49:46.390 [pool-3-thread-1] DEBUG - Parsing relationship: /xl/worksheets/_rels/sheet1.xml.rels
11:49:46.393 [pool-3-thread-1] DEBUG - Parsing relationship: /_rels/.rels
11:49:54.029 [pool-3-thread-1] DEBUG - Parsing relationship: /xl/_rels/workbook.xml.rels
11:49:54.031 [pool-3-thread-1] DEBUG - Parsing relationship: /xl/worksheets/_rels/sheet1.xml.rels
11:49:54.032 [pool-3-thread-1] DEBUG - Parsing relationship: /_rels/.rels
11:50:02.136 [pool-3-thread-1] DEBUG - Parsing relationship: /xl/_rels/workbook.xml.rels
11:50:02.137 [pool-3-thread-1] DEBUG - Parsing relationship: /xl/worksheets/_rels/sheet1.xml.rels
11:50:02.139 [pool-3-thread-1] DEBUG - Parsing relationship: /_rels/.rels
11:53:39.579 [main] DEBUG - Parsing relationship: /xl/_rels/workbook.xml.rels
11:53:39.585 [main] DEBUG - Parsing relationship: /xl/worksheets/_rels/sheet1.xml.rels
11:53:39.588 [main] DEBUG - Parsing relationship: /_rels/.rels
11:53:39.767 [main] TRACE - Loading type system org.apache.poi.schemas.ooxml.system.ooxml
11:53:39.770 [main] TRACE - Loading type system org.apache.xmlbeans.metadata.system.sXMLCONFIG
11:53:39.771 [main] TRACE - Loading type system org.apache.xmlbeans.metadata.system.sXMLLANG
11:53:39.771 [main] TRACE - Loading type system org.apache.xmlbeans.metadata.system.sXMLSCHEMA
11:53:39.772 [main] TRACE - Loading type system org.apache.xmlbeans.metadata.system.sXMLTOOLS
11:53:39.774 [main] TRACE - Reading unresolved handles for type system org.apache.xmlbeans.metadata.system.sXMLTOOLS
11:53:39.785 [main] TRACE - Finished loading type system org.apache.xmlbeans.metadata.system.sXMLTOOLS
11:53:39.787 [main] TRACE - Reading unresolved handles for type system org.apache.xmlbeans.metadata.system.sXMLSCHEMA
11:53:39.797 [main] TRACE - Finished loading type system org.apache.xmlbeans.metadata.system.sXMLSCHEMA
11:53:39.800 [main] TRACE - Reading unresolved handles for type system org.apache.xmlbeans.metadata.system.sXMLLANG
11:53:39.803 [main] TRACE - Finished loading type system org.apache.xmlbeans.metadata.system.sXMLLANG
11:53:39.808 [main] TRACE - Reading unresolved handles for type system org.apache.xmlbeans.metadata.system.sXMLCONFIG
11:53:39.809 [main] TRACE - Finished loading type system org.apache.xmlbeans.metadata.system.sXMLCONFIG
11:53:39.810 [main] TRACE - Reading unresolved handles for type system org.apache.poi.schemas.ooxml.system.ooxml
11:53:39.889 [main] TRACE - Finished loading type system org.apache.poi.schemas.ooxml.system.ooxml
11:53:39.890 [main] TRACE - Resolving type for handle themefd26doctype
11:53:39.969 [main] TRACE - Resolving type for handle stylesheet5d8bdoctype
11:53:39.978 [main] TRACE - Resolving type for handle ctstylesheet4257type
11:53:39.984 [main] TRACE - Resolving type for handle ctcolors6579type
11:53:39.987 [main] TRACE - Resolving type for handle ctfonts6623type
11:53:39.990 [main] TRACE - Resolving type for handle ctfont14d8type
11:53:39.998 [main] TRACE - Resolving type for handle ctfills2c6ftype
11:53:40.002 [main] TRACE - Resolving type for handle ctfill550ctype
11:53:40.008 [main] TRACE - Resolving type for handle ctborders0d66type
11:53:40.011 [main] TRACE - Resolving type for handle ctborderf935type
11:53:40.016 [main] TRACE - Resolving type for handle ctcellxfs1322type
11:53:40.021 [main] TRACE - Resolving type for handle ctxf97f7type
11:53:40.026 [main] TRACE - Resolving type for handle ctcellstylexfsa81ftype
11:53:40.029 [main] TRACE - Resolving type for handle ctdxfsb26atype
11:53:40.035 [main] TRACE - Resolving type for handle cttablestyles872ftype
11:53:40.037 [main] TRACE - Resolving type for handle sstf81fdoctype
11:53:40.042 [main] TRACE - Resolving type for handle ctsst44f3type
11:53:40.058 [main] TRACE - Resolving type for handle ctrsta472type
11:53:40.116 [main] TRACE - Resolving type for handle workbookec17doctype
11:53:40.138 [main] TRACE - Resolving type for handle ctworkbook83c3type
11:53:40.143 [main] TRACE - Resolving type for handle ctsheets49fdtype
11:53:40.147 [main] TRACE - Resolving type for handle ctsheet4dbetype
11:53:40.150 [main] TRACE - Resolving type for handle strelationshipid1e94type
11:53:40.153 [main] TRACE - Resolving type for handle worksheetf539doctype
11:53:40.163 [main] TRACE - Resolving type for handle ctworksheet530dtype
11:53:40.178 [main] TRACE - Resolving type for handle ctcols627ctype
11:53:40.188 [main] TRACE - Resolving type for handle ctcola95ftype
11:53:40.215 [main] TRACE - Resolving type for handle ctsheetdata8408type
11:53:40.217 [main] TRACE - Resolving type for handle ctrowdd39type
11:53:40.222 [main] TRACE - Resolving type for handle ctcell842btype
11:53:40.230 [main] TRACE - Resolving type for handle stcellrefe4e0type
11:53:40.241 [main] TRACE - Resolving type for handle cthyperlinks6416type
11:53:40.246 [main] TRACE - Resolving type for handle cthyperlink0c85type
11:53:40.251 [main] TRACE - Resolving type for handle stxstringf179type
11:53:40.254 [main] TRACE - Resolving type for handle stcelltypebf95type
11:53:40.276 [main] TRACE - Resolving type for handle stcellstylexfid70c7type
11:53:40.279 [main] TRACE - Resolving type for handle stnumfmtid76fbtype
11:53:46.538 [main] DEBUG - Parsing relationship: /xl/_rels/workbook.xml.rels
11:53:46.539 [main] DEBUG - Parsing relationship: /xl/worksheets/_rels/sheet1.xml.rels
11:53:46.542 [main] DEBUG - Parsing relationship: /_rels/.rels
11:53:54.751 [main] DEBUG - Parsing relationship: /xl/_rels/workbook.xml.rels
11:53:54.752 [main] DEBUG - Parsing relationship: /xl/worksheets/_rels/sheet1.xml.rels
11:53:54.756 [main] DEBUG - Parsing relationship: /_rels/.rels
11:54:02.738 [main] DEBUG - Parsing relationship: /xl/_rels/workbook.xml.rels
11:54:02.741 [main] DEBUG - Parsing relationship: /xl/worksheets/_rels/sheet1.xml.rels
11:54:02.746 [main] DEBUG - Parsing relationship: /_rels/.rels
11:55:14.960 [main] DEBUG - Parsing relationship: /xl/_rels/workbook.xml.rels
11:55:14.967 [main] DEBUG - Parsing relationship: /xl/worksheets/_rels/sheet1.xml.rels
11:55:14.970 [main] DEBUG - Parsing relationship: /_rels/.rels
11:55:15.250 [main] TRACE - Loading type system org.apache.poi.schemas.ooxml.system.ooxml
11:55:15.256 [main] TRACE - Loading type system org.apache.xmlbeans.metadata.system.sXMLCONFIG
11:55:15.258 [main] TRACE - Loading type system org.apache.xmlbeans.metadata.system.sXMLLANG
11:55:15.258 [main] TRACE - Loading type system org.apache.xmlbeans.metadata.system.sXMLSCHEMA
11:55:15.258 [main] TRACE - Loading type system org.apache.xmlbeans.metadata.system.sXMLTOOLS
11:55:15.260 [main] TRACE - Reading unresolved handles for type system org.apache.xmlbeans.metadata.system.sXMLTOOLS
11:55:15.275 [main] TRACE - Finished loading type system org.apache.xmlbeans.metadata.system.sXMLTOOLS
11:55:15.276 [main] TRACE - Reading unresolved handles for type system org.apache.xmlbeans.metadata.system.sXMLSCHEMA
11:55:15.281 [main] TRACE - Finished loading type system org.apache.xmlbeans.metadata.system.sXMLSCHEMA
11:55:15.282 [main] TRACE - Reading unresolved handles for type system org.apache.xmlbeans.metadata.system.sXMLLANG
11:55:15.286 [main] TRACE - Finished loading type system org.apache.xmlbeans.metadata.system.sXMLLANG
11:55:15.287 [main] TRACE - Reading unresolved handles for type system org.apache.xmlbeans.metadata.system.sXMLCONFIG
11:55:15.288 [main] TRACE - Finished loading type system org.apache.xmlbeans.metadata.system.sXMLCONFIG
11:55:15.289 [main] TRACE - Reading unresolved handles for type system org.apache.poi.schemas.ooxml.system.ooxml
11:55:15.448 [main] TRACE - Finished loading type system org.apache.poi.schemas.ooxml.system.ooxml
11:55:15.449 [main] TRACE - Resolving type for handle themefd26doctype
11:55:15.572 [main] TRACE - Resolving type for handle stylesheet5d8bdoctype
11:55:15.590 [main] TRACE - Resolving type for handle ctstylesheet4257type
11:55:15.601 [main] TRACE - Resolving type for handle ctcolors6579type
11:55:15.608 [main] TRACE - Resolving type for handle ctfonts6623type
11:55:15.612 [main] TRACE - Resolving type for handle ctfont14d8type
11:55:15.622 [main] TRACE - Resolving type for handle ctfills2c6ftype
11:55:15.627 [main] TRACE - Resolving type for handle ctfill550ctype
11:55:15.629 [main] TRACE - Resolving type for handle ctborders0d66type
11:55:15.631 [main] TRACE - Resolving type for handle ctborderf935type
11:55:15.638 [main] TRACE - Resolving type for handle ctcellxfs1322type
11:55:15.640 [main] TRACE - Resolving type for handle ctxf97f7type
11:55:15.647 [main] TRACE - Resolving type for handle ctcellstylexfsa81ftype
11:55:15.649 [main] TRACE - Resolving type for handle ctdxfsb26atype
11:55:15.656 [main] TRACE - Resolving type for handle cttablestyles872ftype
11:55:15.661 [main] TRACE - Resolving type for handle sstf81fdoctype
11:55:15.669 [main] TRACE - Resolving type for handle ctsst44f3type
11:55:15.681 [main] TRACE - Resolving type for handle ctrsta472type
11:55:15.819 [main] TRACE - Resolving type for handle workbookec17doctype
11:55:15.828 [main] TRACE - Resolving type for handle ctworkbook83c3type
11:55:15.833 [main] TRACE - Resolving type for handle ctsheets49fdtype
11:55:15.838 [main] TRACE - Resolving type for handle ctsheet4dbetype
11:55:15.842 [main] TRACE - Resolving type for handle strelationshipid1e94type
11:55:15.847 [main] TRACE - Resolving type for handle worksheetf539doctype
11:55:15.862 [main] TRACE - Resolving type for handle ctworksheet530dtype
11:55:15.878 [main] TRACE - Resolving type for handle ctcols627ctype
11:55:15.887 [main] TRACE - Resolving type for handle ctcola95ftype
11:55:15.915 [main] TRACE - Resolving type for handle ctsheetdata8408type
11:55:15.917 [main] TRACE - Resolving type for handle ctrowdd39type
11:55:15.922 [main] TRACE - Resolving type for handle ctcell842btype
11:55:15.933 [main] TRACE - Resolving type for handle stcellrefe4e0type
11:55:15.945 [main] TRACE - Resolving type for handle cthyperlinks6416type
11:55:15.949 [main] TRACE - Resolving type for handle cthyperlink0c85type
11:55:15.955 [main] TRACE - Resolving type for handle stxstringf179type
11:55:15.958 [main] TRACE - Resolving type for handle stcelltypebf95type
11:55:15.971 [main] TRACE - Resolving type for handle stcellstylexfid70c7type
11:55:15.974 [main] TRACE - Resolving type for handle stnumfmtid76fbtype
11:55:21.815 [main] DEBUG - Parsing relationship: /xl/_rels/workbook.xml.rels
11:55:21.816 [main] DEBUG - Parsing relationship: /xl/worksheets/_rels/sheet1.xml.rels
11:55:21.818 [main] DEBUG - Parsing relationship: /_rels/.rels
11:55:28.253 [main] DEBUG - Parsing relationship: /xl/_rels/workbook.xml.rels
11:55:28.255 [main] DEBUG - Parsing relationship: /xl/worksheets/_rels/sheet1.xml.rels
11:55:28.256 [main] DEBUG - Parsing relationship: /_rels/.rels
11:55:37.408 [main] DEBUG - Parsing relationship: /xl/_rels/workbook.xml.rels
11:55:37.411 [main] DEBUG - Parsing relationship: /xl/worksheets/_rels/sheet1.xml.rels
11:55:37.412 [main] DEBUG - Parsing relationship: /_rels/.rels
11:58:38.898 [main] DEBUG - Parsing relationship: /xl/_rels/workbook.xml.rels
11:58:38.903 [main] DEBUG - Parsing relationship: /xl/worksheets/_rels/sheet1.xml.rels
11:58:38.908 [main] DEBUG - Parsing relationship: /_rels/.rels
11:58:39.129 [main] TRACE - Loading type system org.apache.poi.schemas.ooxml.system.ooxml
11:58:39.139 [main] TRACE - Loading type system org.apache.xmlbeans.metadata.system.sXMLCONFIG
11:58:39.140 [main] TRACE - Loading type system org.apache.xmlbeans.metadata.system.sXMLLANG
11:58:39.141 [main] TRACE - Loading type system org.apache.xmlbeans.metadata.system.sXMLSCHEMA
11:58:39.142 [main] TRACE - Loading type system org.apache.xmlbeans.metadata.system.sXMLTOOLS
11:58:39.145 [main] TRACE - Reading unresolved handles for type system org.apache.xmlbeans.metadata.system.sXMLTOOLS
11:58:39.159 [main] TRACE - Finished loading type system org.apache.xmlbeans.metadata.system.sXMLTOOLS
11:58:39.160 [main] TRACE - Reading unresolved handles for type system org.apache.xmlbeans.metadata.system.sXMLSCHEMA
11:58:39.170 [main] TRACE - Finished loading type system org.apache.xmlbeans.metadata.system.sXMLSCHEMA
11:58:39.173 [main] TRACE - Reading unresolved handles for type system org.apache.xmlbeans.metadata.system.sXMLLANG
11:58:39.174 [main] TRACE - Finished loading type system org.apache.xmlbeans.metadata.system.sXMLLANG
11:58:39.175 [main] TRACE - Reading unresolved handles for type system org.apache.xmlbeans.metadata.system.sXMLCONFIG
11:58:39.176 [main] TRACE - Finished loading type system org.apache.xmlbeans.metadata.system.sXMLCONFIG
11:58:39.177 [main] TRACE - Reading unresolved handles for type system org.apache.poi.schemas.ooxml.system.ooxml
11:58:39.291 [main] TRACE - Finished loading type system org.apache.poi.schemas.ooxml.system.ooxml
11:58:39.292 [main] TRACE - Resolving type for handle themefd26doctype
11:58:39.370 [main] TRACE - Resolving type for handle stylesheet5d8bdoctype
11:58:39.380 [main] TRACE - Resolving type for handle ctstylesheet4257type
11:58:39.386 [main] TRACE - Resolving type for handle ctcolors6579type
11:58:39.389 [main] TRACE - Resolving type for handle ctfonts6623type
11:58:39.392 [main] TRACE - Resolving type for handle ctfont14d8type
11:58:39.401 [main] TRACE - Resolving type for handle ctfills2c6ftype
11:58:39.402 [main] TRACE - Resolving type for handle ctfill550ctype
11:58:39.405 [main] TRACE - Resolving type for handle ctborders0d66type
11:58:39.408 [main] TRACE - Resolving type for handle ctborderf935type
11:58:39.409 [main] TRACE - Resolving type for handle ctcellxfs1322type
11:58:39.411 [main] TRACE - Resolving type for handle ctxf97f7type
11:58:39.414 [main] TRACE - Resolving type for handle ctcellstylexfsa81ftype
11:58:39.416 [main] TRACE - Resolving type for handle ctdxfsb26atype
11:58:39.417 [main] TRACE - Resolving type for handle cttablestyles872ftype
11:58:39.420 [main] TRACE - Resolving type for handle sstf81fdoctype
11:58:39.426 [main] TRACE - Resolving type for handle ctsst44f3type
11:58:39.431 [main] TRACE - Resolving type for handle ctrsta472type
11:58:39.472 [main] TRACE - Resolving type for handle workbookec17doctype
11:58:39.486 [main] TRACE - Resolving type for handle ctworkbook83c3type
11:58:39.491 [main] TRACE - Resolving type for handle ctsheets49fdtype
11:58:39.494 [main] TRACE - Resolving type for handle ctsheet4dbetype
11:58:39.498 [main] TRACE - Resolving type for handle strelationshipid1e94type
11:58:39.501 [main] TRACE - Resolving type for handle worksheetf539doctype
11:58:39.511 [main] TRACE - Resolving type for handle ctworksheet530dtype
11:58:39.526 [main] TRACE - Resolving type for handle ctcols627ctype
11:58:39.531 [main] TRACE - Resolving type for handle ctcola95ftype
11:58:39.556 [main] TRACE - Resolving type for handle ctsheetdata8408type
11:58:39.558 [main] TRACE - Resolving type for handle ctrowdd39type
11:58:39.562 [main] TRACE - Resolving type for handle ctcell842btype
11:58:39.571 [main] TRACE - Resolving type for handle stcellrefe4e0type
11:58:39.581 [main] TRACE - Resolving type for handle cthyperlinks6416type
11:58:39.585 [main] TRACE - Resolving type for handle cthyperlink0c85type
11:58:39.589 [main] TRACE - Resolving type for handle stxstringf179type
11:58:39.591 [main] TRACE - Resolving type for handle stcelltypebf95type
11:58:39.601 [main] TRACE - Resolving type for handle stcellstylexfid70c7type
11:58:39.606 [main] TRACE - Resolving type for handle stnumfmtid76fbtype
11:58:45.895 [main] DEBUG - Parsing relationship: /xl/_rels/workbook.xml.rels
11:58:45.897 [main] DEBUG - Parsing relationship: /xl/worksheets/_rels/sheet1.xml.rels
11:58:45.899 [main] DEBUG - Parsing relationship: /_rels/.rels
11:58:53.179 [main] DEBUG - Parsing relationship: /xl/_rels/workbook.xml.rels
11:58:53.181 [main] DEBUG - Parsing relationship: /xl/worksheets/_rels/sheet1.xml.rels
11:58:53.182 [main] DEBUG - Parsing relationship: /_rels/.rels
11:59:02.147 [main] DEBUG - Parsing relationship: /xl/_rels/workbook.xml.rels
11:59:02.149 [main] DEBUG - Parsing relationship: /xl/worksheets/_rels/sheet1.xml.rels
11:59:02.151 [main] DEBUG - Parsing relationship: /_rels/.rels
12:00:06.979 [main] DEBUG - Parsing relationship: /xl/_rels/workbook.xml.rels
12:00:06.987 [main] DEBUG - Parsing relationship: /xl/worksheets/_rels/sheet1.xml.rels
12:00:06.991 [main] DEBUG - Parsing relationship: /_rels/.rels
12:00:07.260 [main] TRACE - Loading type system org.apache.poi.schemas.ooxml.system.ooxml
12:00:07.262 [main] TRACE - Loading type system org.apache.xmlbeans.metadata.system.sXMLCONFIG
12:00:07.265 [main] TRACE - Loading type system org.apache.xmlbeans.metadata.system.sXMLLANG
12:00:07.265 [main] TRACE - Loading type system org.apache.xmlbeans.metadata.system.sXMLSCHEMA
12:00:07.266 [main] TRACE - Loading type system org.apache.xmlbeans.metadata.system.sXMLTOOLS
12:00:07.267 [main] TRACE - Reading unresolved handles for type system org.apache.xmlbeans.metadata.system.sXMLTOOLS
12:00:07.288 [main] TRACE - Finished loading type system org.apache.xmlbeans.metadata.system.sXMLTOOLS
12:00:07.290 [main] TRACE - Reading unresolved handles for type system org.apache.xmlbeans.metadata.system.sXMLSCHEMA
12:00:07.330 [main] TRACE - Finished loading type system org.apache.xmlbeans.metadata.system.sXMLSCHEMA
12:00:07.331 [main] TRACE - Reading unresolved handles for type system org.apache.xmlbeans.metadata.system.sXMLLANG
12:00:07.337 [main] TRACE - Finished loading type system org.apache.xmlbeans.metadata.system.sXMLLANG
12:00:07.339 [main] TRACE - Reading unresolved handles for type system org.apache.xmlbeans.metadata.system.sXMLCONFIG
12:00:07.340 [main] TRACE - Finished loading type system org.apache.xmlbeans.metadata.system.sXMLCONFIG
12:00:07.341 [main] TRACE - Reading unresolved handles for type system org.apache.poi.schemas.ooxml.system.ooxml
12:00:07.461 [main] TRACE - Finished loading type system org.apache.poi.schemas.ooxml.system.ooxml
12:00:07.462 [main] TRACE - Resolving type for handle themefd26doctype
12:00:07.528 [main] TRACE - Resolving type for handle stylesheet5d8bdoctype
12:00:07.539 [main] TRACE - Resolving type for handle ctstylesheet4257type
12:00:07.544 [main] TRACE - Resolving type for handle ctcolors6579type
12:00:07.546 [main] TRACE - Resolving type for handle ctfonts6623type
12:00:07.550 [main] TRACE - Resolving type for handle ctfont14d8type
12:00:07.559 [main] TRACE - Resolving type for handle ctfills2c6ftype
12:00:07.562 [main] TRACE - Resolving type for handle ctfill550ctype
12:00:07.565 [main] TRACE - Resolving type for handle ctborders0d66type
12:00:07.568 [main] TRACE - Resolving type for handle ctborderf935type
12:00:07.570 [main] TRACE - Resolving type for handle ctcellxfs1322type
12:00:07.572 [main] TRACE - Resolving type for handle ctxf97f7type
12:00:07.575 [main] TRACE - Resolving type for handle ctcellstylexfsa81ftype
12:00:07.577 [main] TRACE - Resolving type for handle ctdxfsb26atype
12:00:07.579 [main] TRACE - Resolving type for handle cttablestyles872ftype
12:00:07.583 [main] TRACE - Resolving type for handle sstf81fdoctype
12:00:07.596 [main] TRACE - Resolving type for handle ctsst44f3type
12:00:07.605 [main] TRACE - Resolving type for handle ctrsta472type
12:00:07.645 [main] TRACE - Resolving type for handle workbookec17doctype
12:00:07.656 [main] TRACE - Resolving type for handle ctworkbook83c3type
12:00:07.662 [main] TRACE - Resolving type for handle ctsheets49fdtype
12:00:07.667 [main] TRACE - Resolving type for handle ctsheet4dbetype
12:00:07.670 [main] TRACE - Resolving type for handle strelationshipid1e94type
12:00:07.672 [main] TRACE - Resolving type for handle worksheetf539doctype
12:00:07.686 [main] TRACE - Resolving type for handle ctworksheet530dtype
12:00:07.696 [main] TRACE - Resolving type for handle ctcols627ctype
12:00:07.702 [main] TRACE - Resolving type for handle ctcola95ftype
12:00:07.732 [main] TRACE - Resolving type for handle ctsheetdata8408type
12:00:07.735 [main] TRACE - Resolving type for handle ctrowdd39type
12:00:07.740 [main] TRACE - Resolving type for handle ctcell842btype
12:00:07.747 [main] TRACE - Resolving type for handle stcellrefe4e0type
12:00:07.762 [main] TRACE - Resolving type for handle cthyperlinks6416type
12:00:07.765 [main] TRACE - Resolving type for handle cthyperlink0c85type
12:00:07.775 [main] TRACE - Resolving type for handle stxstringf179type
12:00:07.777 [main] TRACE - Resolving type for handle stcelltypebf95type
12:00:07.786 [main] TRACE - Resolving type for handle stcellstylexfid70c7type
12:00:07.789 [main] TRACE - Resolving type for handle stnumfmtid76fbtype
12:00:13.409 [main] DEBUG - Parsing relationship: /xl/_rels/workbook.xml.rels
12:00:13.411 [main] DEBUG - Parsing relationship: /xl/worksheets/_rels/sheet1.xml.rels
12:00:13.412 [main] DEBUG - Parsing relationship: /_rels/.rels
12:00:20.092 [main] DEBUG - Parsing relationship: /xl/_rels/workbook.xml.rels
12:00:20.094 [main] DEBUG - Parsing relationship: /xl/worksheets/_rels/sheet1.xml.rels
12:00:20.095 [main] DEBUG - Parsing relationship: /_rels/.rels
12:00:27.490 [main] DEBUG - Parsing relationship: /xl/_rels/workbook.xml.rels
12:00:27.491 [main] DEBUG - Parsing relationship: /xl/worksheets/_rels/sheet1.xml.rels
12:00:27.492 [main] DEBUG - Parsing relationship: /_rels/.rels
12:02:37.827 [main] DEBUG - Parsing relationship: /xl/_rels/workbook.xml.rels
12:02:37.839 [main] DEBUG - Parsing relationship: /xl/worksheets/_rels/sheet1.xml.rels
12:02:37.848 [main] DEBUG - Parsing relationship: /_rels/.rels
12:02:38.080 [main] TRACE - Loading type system org.apache.poi.schemas.ooxml.system.ooxml
12:02:38.086 [main] TRACE - Loading type system org.apache.xmlbeans.metadata.system.sXMLCONFIG
12:02:38.088 [main] TRACE - Loading type system org.apache.xmlbeans.metadata.system.sXMLLANG
12:02:38.088 [main] TRACE - Loading type system org.apache.xmlbeans.metadata.system.sXMLSCHEMA
12:02:38.089 [main] TRACE - Loading type system org.apache.xmlbeans.metadata.system.sXMLTOOLS
12:02:38.090 [main] TRACE - Reading unresolved handles for type system org.apache.xmlbeans.metadata.system.sXMLTOOLS
12:02:38.105 [main] TRACE - Finished loading type system org.apache.xmlbeans.metadata.system.sXMLTOOLS
12:02:38.106 [main] TRACE - Reading unresolved handles for type system org.apache.xmlbeans.metadata.system.sXMLSCHEMA
12:02:38.111 [main] TRACE - Finished loading type system org.apache.xmlbeans.metadata.system.sXMLSCHEMA
12:02:38.113 [main] TRACE - Reading unresolved handles for type system org.apache.xmlbeans.metadata.system.sXMLLANG
12:02:38.114 [main] TRACE - Finished loading type system org.apache.xmlbeans.metadata.system.sXMLLANG
12:02:38.115 [main] TRACE - Reading unresolved handles for type system org.apache.xmlbeans.metadata.system.sXMLCONFIG
12:02:38.116 [main] TRACE - Finished loading type system org.apache.xmlbeans.metadata.system.sXMLCONFIG
12:02:38.117 [main] TRACE - Reading unresolved handles for type system org.apache.poi.schemas.ooxml.system.ooxml
12:02:38.197 [main] TRACE - Finished loading type system org.apache.poi.schemas.ooxml.system.ooxml
12:02:38.198 [main] TRACE - Resolving type for handle themefd26doctype
12:02:38.274 [main] TRACE - Resolving type for handle stylesheet5d8bdoctype
12:02:38.290 [main] TRACE - Resolving type for handle ctstylesheet4257type
12:02:38.295 [main] TRACE - Resolving type for handle ctcolors6579type
12:02:38.298 [main] TRACE - Resolving type for handle ctfonts6623type
12:02:38.301 [main] TRACE - Resolving type for handle ctfont14d8type
12:02:38.310 [main] TRACE - Resolving type for handle ctfills2c6ftype
12:02:38.316 [main] TRACE - Resolving type for handle ctfill550ctype
12:02:38.318 [main] TRACE - Resolving type for handle ctborders0d66type
12:02:38.321 [main] TRACE - Resolving type for handle ctborderf935type
12:02:38.326 [main] TRACE - Resolving type for handle ctcellxfs1322type
12:02:38.329 [main] TRACE - Resolving type for handle ctxf97f7type
12:02:38.334 [main] TRACE - Resolving type for handle ctcellstylexfsa81ftype
12:02:38.338 [main] TRACE - Resolving type for handle ctdxfsb26atype
12:02:38.342 [main] TRACE - Resolving type for handle cttablestyles872ftype
12:02:38.348 [main] TRACE - Resolving type for handle sstf81fdoctype
12:02:38.357 [main] TRACE - Resolving type for handle ctsst44f3type
12:02:38.368 [main] TRACE - Resolving type for handle ctrsta472type
12:02:38.418 [main] TRACE - Resolving type for handle workbookec17doctype
12:02:38.424 [main] TRACE - Resolving type for handle ctworkbook83c3type
12:02:38.438 [main] TRACE - Resolving type for handle ctsheets49fdtype
12:02:38.467 [main] TRACE - Resolving type for handle ctsheet4dbetype
12:02:38.470 [main] TRACE - Resolving type for handle strelationshipid1e94type
12:02:38.475 [main] TRACE - Resolving type for handle worksheetf539doctype
12:02:38.489 [main] TRACE - Resolving type for handle ctworksheet530dtype
12:02:38.500 [main] TRACE - Resolving type for handle ctcols627ctype
12:02:38.517 [main] TRACE - Resolving type for handle ctcola95ftype
12:02:38.547 [main] TRACE - Resolving type for handle ctsheetdata8408type
12:02:38.551 [main] TRACE - Resolving type for handle ctrowdd39type
12:02:38.558 [main] TRACE - Resolving type for handle ctcell842btype
12:02:38.568 [main] TRACE - Resolving type for handle stcellrefe4e0type
12:02:38.590 [main] TRACE - Resolving type for handle cthyperlinks6416type
12:02:38.593 [main] TRACE - Resolving type for handle cthyperlink0c85type
12:02:38.604 [main] TRACE - Resolving type for handle stxstringf179type
12:02:38.608 [main] TRACE - Resolving type for handle stcelltypebf95type
12:02:38.620 [main] TRACE - Resolving type for handle stcellstylexfid70c7type
12:02:38.624 [main] TRACE - Resolving type for handle stnumfmtid76fbtype
12:02:44.414 [main] DEBUG - Parsing relationship: /xl/_rels/workbook.xml.rels
12:02:44.416 [main] DEBUG - Parsing relationship: /xl/worksheets/_rels/sheet1.xml.rels
12:02:44.417 [main] DEBUG - Parsing relationship: /_rels/.rels
12:02:51.086 [main] DEBUG - Parsing relationship: /xl/_rels/workbook.xml.rels
12:02:51.089 [main] DEBUG - Parsing relationship: /xl/worksheets/_rels/sheet1.xml.rels
12:02:51.090 [main] DEBUG - Parsing relationship: /_rels/.rels
12:02:58.559 [main] DEBUG - Parsing relationship: /xl/_rels/workbook.xml.rels
12:02:58.560 [main] DEBUG - Parsing relationship: /xl/worksheets/_rels/sheet1.xml.rels
12:02:58.562 [main] DEBUG - Parsing relationship: /_rels/.rels
12:03:58.262 [pool-3-thread-1] DEBUG - Parsing relationship: /xl/_rels/workbook.xml.rels
12:03:58.268 [pool-3-thread-1] DEBUG - Parsing relationship: /xl/worksheets/_rels/sheet1.xml.rels
12:03:58.271 [pool-3-thread-1] DEBUG - Parsing relationship: /_rels/.rels
12:03:58.508 [pool-3-thread-1] TRACE - Loading type system org.apache.poi.schemas.ooxml.system.ooxml
12:03:58.510 [pool-3-thread-1] TRACE - Loading type system org.apache.xmlbeans.metadata.system.sXMLCONFIG
12:03:58.519 [pool-3-thread-1] TRACE - Loading type system org.apache.xmlbeans.metadata.system.sXMLLANG
12:03:58.519 [pool-3-thread-1] TRACE - Loading type system org.apache.xmlbeans.metadata.system.sXMLSCHEMA
12:03:58.520 [pool-3-thread-1] TRACE - Loading type system org.apache.xmlbeans.metadata.system.sXMLTOOLS
12:03:58.521 [pool-3-thread-1] TRACE - Reading unresolved handles for type system org.apache.xmlbeans.metadata.system.sXMLTOOLS
12:03:58.534 [pool-3-thread-1] TRACE - Finished loading type system org.apache.xmlbeans.metadata.system.sXMLTOOLS
12:03:58.535 [pool-3-thread-1] TRACE - Reading unresolved handles for type system org.apache.xmlbeans.metadata.system.sXMLSCHEMA
12:03:58.560 [pool-3-thread-1] TRACE - Finished loading type system org.apache.xmlbeans.metadata.system.sXMLSCHEMA
12:03:58.561 [pool-3-thread-1] TRACE - Reading unresolved handles for type system org.apache.xmlbeans.metadata.system.sXMLLANG
12:03:58.562 [pool-3-thread-1] TRACE - Finished loading type system org.apache.xmlbeans.metadata.system.sXMLLANG
12:03:58.565 [pool-3-thread-1] TRACE - Reading unresolved handles for type system org.apache.xmlbeans.metadata.system.sXMLCONFIG
12:03:58.566 [pool-3-thread-1] TRACE - Finished loading type system org.apache.xmlbeans.metadata.system.sXMLCONFIG
12:03:58.568 [pool-3-thread-1] TRACE - Reading unresolved handles for type system org.apache.poi.schemas.ooxml.system.ooxml
12:03:58.652 [pool-3-thread-1] TRACE - Finished loading type system org.apache.poi.schemas.ooxml.system.ooxml
12:03:58.654 [pool-3-thread-1] TRACE - Resolving type for handle themefd26doctype
12:03:58.769 [pool-3-thread-1] TRACE - Resolving type for handle stylesheet5d8bdoctype
12:03:58.779 [pool-3-thread-1] TRACE - Resolving type for handle ctstylesheet4257type
12:03:58.785 [pool-3-thread-1] TRACE - Resolving type for handle ctcolors6579type
12:03:58.787 [pool-3-thread-1] TRACE - Resolving type for handle ctfonts6623type
12:03:58.791 [pool-3-thread-1] TRACE - Resolving type for handle ctfont14d8type
12:03:58.797 [pool-3-thread-1] TRACE - Resolving type for handle ctfills2c6ftype
12:03:58.800 [pool-3-thread-1] TRACE - Resolving type for handle ctfill550ctype
12:03:58.802 [pool-3-thread-1] TRACE - Resolving type for handle ctborders0d66type
12:03:58.805 [pool-3-thread-1] TRACE - Resolving type for handle ctborderf935type
12:03:58.809 [pool-3-thread-1] TRACE - Resolving type for handle ctcellxfs1322type
12:03:58.811 [pool-3-thread-1] TRACE - Resolving type for handle ctxf97f7type
12:03:58.815 [pool-3-thread-1] TRACE - Resolving type for handle ctcellstylexfsa81ftype
12:03:58.817 [pool-3-thread-1] TRACE - Resolving type for handle ctdxfsb26atype
12:03:58.820 [pool-3-thread-1] TRACE - Resolving type for handle cttablestyles872ftype
12:03:58.826 [pool-3-thread-1] TRACE - Resolving type for handle sstf81fdoctype
12:03:58.830 [pool-3-thread-1] TRACE - Resolving type for handle ctsst44f3type
12:03:58.840 [pool-3-thread-1] TRACE - Resolving type for handle ctrsta472type
12:03:58.875 [pool-3-thread-1] TRACE - Resolving type for handle workbookec17doctype
12:03:58.880 [pool-3-thread-1] TRACE - Resolving type for handle ctworkbook83c3type
12:03:58.885 [pool-3-thread-1] TRACE - Resolving type for handle ctsheets49fdtype
12:03:58.888 [pool-3-thread-1] TRACE - Resolving type for handle ctsheet4dbetype
12:03:58.890 [pool-3-thread-1] TRACE - Resolving type for handle strelationshipid1e94type
12:03:58.892 [pool-3-thread-1] TRACE - Resolving type for handle worksheetf539doctype
12:03:58.909 [pool-3-thread-1] TRACE - Resolving type for handle ctworksheet530dtype
12:03:58.919 [pool-3-thread-1] TRACE - Resolving type for handle ctcols627ctype
12:03:58.923 [pool-3-thread-1] TRACE - Resolving type for handle ctcola95ftype
12:03:58.948 [pool-3-thread-1] TRACE - Resolving type for handle ctsheetdata8408type
12:03:58.951 [pool-3-thread-1] TRACE - Resolving type for handle ctrowdd39type
12:03:58.959 [pool-3-thread-1] TRACE - Resolving type for handle ctcell842btype
12:03:58.968 [pool-3-thread-1] TRACE - Resolving type for handle stcellrefe4e0type
12:03:58.980 [pool-3-thread-1] TRACE - Resolving type for handle cthyperlinks6416type
12:03:58.983 [pool-3-thread-1] TRACE - Resolving type for handle cthyperlink0c85type
12:03:58.990 [pool-3-thread-1] TRACE - Resolving type for handle stxstringf179type
12:03:58.996 [pool-3-thread-1] TRACE - Resolving type for handle stcelltypebf95type
12:03:59.007 [pool-3-thread-1] TRACE - Resolving type for handle stcellstylexfid70c7type
12:03:59.010 [pool-3-thread-1] TRACE - Resolving type for handle stnumfmtid76fbtype
12:04:04.998 [pool-3-thread-1] DEBUG - Parsing relationship: /xl/_rels/workbook.xml.rels
12:04:05.000 [pool-3-thread-1] DEBUG - Parsing relationship: /xl/worksheets/_rels/sheet1.xml.rels
12:04:05.010 [pool-3-thread-1] DEBUG - Parsing relationship: /_rels/.rels
12:04:12.309 [pool-3-thread-1] DEBUG - Parsing relationship: /xl/_rels/workbook.xml.rels
12:04:12.310 [pool-3-thread-1] DEBUG - Parsing relationship: /xl/worksheets/_rels/sheet1.xml.rels
12:04:12.311 [pool-3-thread-1] DEBUG - Parsing relationship: /_rels/.rels
12:04:19.551 [pool-3-thread-1] DEBUG - Parsing relationship: /xl/_rels/workbook.xml.rels
12:04:19.552 [pool-3-thread-1] DEBUG - Parsing relationship: /xl/worksheets/_rels/sheet1.xml.rels
12:04:19.556 [pool-3-thread-1] DEBUG - Parsing relationship: /_rels/.rels
12:08:36.791 [main] DEBUG - Parsing relationship: /xl/_rels/workbook.xml.rels
12:08:36.798 [main] DEBUG - Parsing relationship: /xl/worksheets/_rels/sheet1.xml.rels
12:08:36.808 [main] DEBUG - Parsing relationship: /_rels/.rels
